{"uuid":"b76e85c4-be90-49bf-ab80-69adae28fa55","historyId":"19c05008f76d0af1d6d0dae5ae393ee2","fullName":"tests.FilterTest.selectFilter","labels":[{"name":"package","value":"tests.FilterTest"},{"name":"testClass","value":"tests.FilterTest"},{"name":"testMethod","value":"selectFilter"},{"name":"parentSuite","value":"All Tests Suite"},{"name":"suite","value":"All Tests"},{"name":"subSuite","value":"tests.FilterTest"},{"name":"host","value":"DESKTOP-PN7JSS1"},{"name":"thread","value":"16032@DESKTOP-PN7JSS1.main(1)"},{"name":"framework","value":"testng"},{"name":"language","value":"java"}],"links":[],"name":"selectFilter","status":"failed","statusDetails":{"known":false,"muted":false,"flaky":false,"message":"expected [Kız Çocuk Dış Giyim Fiyatları ve Modelleri | ] but found [Kız Çocuk Dış Giyim Fiyatları ve Modelleri | LCW]","trace":"java.lang.AssertionError: expected [Kız Çocuk Dış Giyim Fiyatları ve Modelleri | ] but found [Kız Çocuk Dış Giyim Fiyatları ve Modelleri | LCW]\r\n\tat org.testng.Assert.fail(Assert.java:99)\r\n\tat org.testng.Assert.failNotEquals(Assert.java:1037)\r\n\tat org.testng.Assert.assertEqualsImpl(Assert.java:140)\r\n\tat org.testng.Assert.assertEquals(Assert.java:122)\r\n\tat org.testng.Assert.assertEquals(Assert.java:629)\r\n\tat org.testng.Assert.assertEquals(Assert.java:639)\r\n\tat pages.CategoryPage.verifyPageTitle(CategoryPage.java:48)\r\n\tat pages.CategoryPage.selectCategoryType(CategoryPage.java:56)\r\n\tat tests.FilterTest.selectFilter(FilterTest.java:24)\r\n\tat java.base/jdk.internal.reflect.DirectMethodHandleAccessor.invoke(DirectMethodHandleAccessor.java:104)\r\n\tat java.base/java.lang.reflect.Method.invoke(Method.java:578)\r\n\tat org.testng.internal.MethodInvocationHelper.invokeMethod(MethodInvocationHelper.java:133)\r\n\tat org.testng.internal.TestInvoker.invokeMethod(TestInvoker.java:598)\r\n\tat org.testng.internal.TestInvoker.invokeTestMethod(TestInvoker.java:173)\r\n\tat org.testng.internal.MethodRunner.runInSequence(MethodRunner.java:46)\r\n\tat org.testng.internal.TestInvoker$MethodInvocationAgent.invoke(TestInvoker.java:824)\r\n\tat org.testng.internal.TestInvoker.invokeTestMethods(TestInvoker.java:146)\r\n\tat org.testng.internal.TestMethodWorker.invokeTestMethods(TestMethodWorker.java:146)\r\n\tat org.testng.internal.TestMethodWorker.run(TestMethodWorker.java:128)\r\n\tat java.base/java.util.ArrayList.forEach(ArrayList.java:1511)\r\n\tat org.testng.TestRunner.privateRun(TestRunner.java:794)\r\n\tat org.testng.TestRunner.run(TestRunner.java:596)\r\n\tat org.testng.SuiteRunner.runTest(SuiteRunner.java:377)\r\n\tat org.testng.SuiteRunner.runSequentially(SuiteRunner.java:371)\r\n\tat org.testng.SuiteRunner.privateRun(SuiteRunner.java:332)\r\n\tat org.testng.SuiteRunner.run(SuiteRunner.java:276)\r\n\tat org.testng.SuiteRunnerWorker.runSuite(SuiteRunnerWorker.java:53)\r\n\tat org.testng.SuiteRunnerWorker.run(SuiteRunnerWorker.java:96)\r\n\tat org.testng.TestNG.runSuitesSequentially(TestNG.java:1212)\r\n\tat org.testng.TestNG.runSuitesLocally(TestNG.java:1134)\r\n\tat org.testng.TestNG.runSuites(TestNG.java:1063)\r\n\tat org.testng.TestNG.run(TestNG.java:1031)\r\n\tat org.apache.maven.surefire.testng.TestNGExecutor.run(TestNGExecutor.java:283)\r\n\tat org.apache.maven.surefire.testng.TestNGXmlTestSuite.execute(TestNGXmlTestSuite.java:75)\r\n\tat org.apache.maven.surefire.testng.TestNGProvider.invoke(TestNGProvider.java:120)\r\n\tat org.apache.maven.surefire.booter.ForkedBooter.invokeProviderInSameClassLoader(ForkedBooter.java:386)\r\n\tat org.apache.maven.surefire.booter.ForkedBooter.runSuitesInProcess(ForkedBooter.java:323)\r\n\tat org.apache.maven.surefire.booter.ForkedBooter.main(ForkedBooter.java:143)\r\n"},"stage":"finished","steps":[{"name":"Open LCW Home Page..","status":"passed","stage":"finished","steps":[],"attachments":[],"parameters":[],"start":1737200454876,"stop":1737200474549},{"name":"Performing login with valid:ilaydaozbaay@gmail.com,and valid passwordLCW_Test_Automation1","status":"passed","stage":"finished","steps":[{"name":"Typing email: ilaydaozbaay@gmail.com","status":"passed","stage":"finished","steps":[],"attachments":[],"parameters":[{"name":"email","value":"ilaydaozbaay@gmail.com"}],"start":1737200474550,"stop":1737200474798},{"name":"Clicking the 'Continue' button","status":"passed","stage":"finished","steps":[],"attachments":[],"parameters":[],"start":1737200474799,"stop":1737200474988},{"name":"Typing password","status":"passed","stage":"finished","steps":[],"attachments":[],"parameters":[{"name":"password","value":"LCW_Test_Automation1"}],"start":1737200474988,"stop":1737200475113},{"name":"Clicking the 'Login' button","status":"passed","stage":"finished","steps":[],"attachments":[],"parameters":[],"start":1737200475113,"stop":1737200475213},{"name":"Verifying successful login","status":"passed","stage":"finished","steps":[],"attachments":[],"parameters":[],"start":1737200475213,"stop":1737200486491}],"attachments":[],"parameters":[{"name":"email","value":"ilaydaozbaay@gmail.com"},{"name":"password","value":"LCW_Test_Automation1"}],"start":1737200474550,"stop":1737200486491},{"name":"Selecting category type with main category: Çocuk&Bebek, sub-category: Kız Çocuk (6-14 YAŞ), and product category: Mont ve Kaban","status":"failed","statusDetails":{"known":false,"muted":false,"flaky":false,"message":"expected [Kız Çocuk Dış Giyim Fiyatları ve Modelleri | ] but found [Kız Çocuk Dış Giyim Fiyatları ve Modelleri | LCW]","trace":"java.lang.AssertionError: expected [Kız Çocuk Dış Giyim Fiyatları ve Modelleri | ] but found [Kız Çocuk Dış Giyim Fiyatları ve Modelleri | LCW]\r\n\tat org.testng.Assert.fail(Assert.java:99)\r\n\tat org.testng.Assert.failNotEquals(Assert.java:1037)\r\n\tat org.testng.Assert.assertEqualsImpl(Assert.java:140)\r\n\tat org.testng.Assert.assertEquals(Assert.java:122)\r\n\tat org.testng.Assert.assertEquals(Assert.java:629)\r\n\tat org.testng.Assert.assertEquals(Assert.java:639)\r\n\tat pages.CategoryPage.verifyPageTitle(CategoryPage.java:48)\r\n\tat pages.CategoryPage.selectCategoryType(CategoryPage.java:56)\r\n\tat tests.FilterTest.selectFilter(FilterTest.java:24)\r\n\tat java.base/jdk.internal.reflect.DirectMethodHandleAccessor.invoke(DirectMethodHandleAccessor.java:104)\r\n\tat java.base/java.lang.reflect.Method.invoke(Method.java:578)\r\n\tat org.testng.internal.MethodInvocationHelper.invokeMethod(MethodInvocationHelper.java:133)\r\n\tat org.testng.internal.TestInvoker.invokeMethod(TestInvoker.java:598)\r\n\tat org.testng.internal.TestInvoker.invokeTestMethod(TestInvoker.java:173)\r\n\tat org.testng.internal.MethodRunner.runInSequence(MethodRunner.java:46)\r\n\tat org.testng.internal.TestInvoker$MethodInvocationAgent.invoke(TestInvoker.java:824)\r\n\tat org.testng.internal.TestInvoker.invokeTestMethods(TestInvoker.java:146)\r\n\tat org.testng.internal.TestMethodWorker.invokeTestMethods(TestMethodWorker.java:146)\r\n\tat org.testng.internal.TestMethodWorker.run(TestMethodWorker.java:128)\r\n\tat java.base/java.util.ArrayList.forEach(ArrayList.java:1511)\r\n\tat org.testng.TestRunner.privateRun(TestRunner.java:794)\r\n\tat org.testng.TestRunner.run(TestRunner.java:596)\r\n\tat org.testng.SuiteRunner.runTest(SuiteRunner.java:377)\r\n\tat org.testng.SuiteRunner.runSequentially(SuiteRunner.java:371)\r\n\tat org.testng.SuiteRunner.privateRun(SuiteRunner.java:332)\r\n\tat org.testng.SuiteRunner.run(SuiteRunner.java:276)\r\n\tat org.testng.SuiteRunnerWorker.runSuite(SuiteRunnerWorker.java:53)\r\n\tat org.testng.SuiteRunnerWorker.run(SuiteRunnerWorker.java:96)\r\n\tat org.testng.TestNG.runSuitesSequentially(TestNG.java:1212)\r\n\tat org.testng.TestNG.runSuitesLocally(TestNG.java:1134)\r\n\tat org.testng.TestNG.runSuites(TestNG.java:1063)\r\n\tat org.testng.TestNG.run(TestNG.java:1031)\r\n\tat org.apache.maven.surefire.testng.TestNGExecutor.run(TestNGExecutor.java:283)\r\n\tat org.apache.maven.surefire.testng.TestNGXmlTestSuite.execute(TestNGXmlTestSuite.java:75)\r\n\tat org.apache.maven.surefire.testng.TestNGProvider.invoke(TestNGProvider.java:120)\r\n\tat org.apache.maven.surefire.booter.ForkedBooter.invokeProviderInSameClassLoader(ForkedBooter.java:386)\r\n\tat org.apache.maven.surefire.booter.ForkedBooter.runSuitesInProcess(ForkedBooter.java:323)\r\n\tat org.apache.maven.surefire.booter.ForkedBooter.main(ForkedBooter.java:143)\r\n"},"stage":"finished","steps":[{"name":"Selecting the main category: Çocuk&Bebek","status":"passed","stage":"finished","steps":[],"attachments":[],"parameters":[{"name":"mainCategoryName","value":"Çocuk&Bebek"}],"start":1737200486492,"stop":1737200486704},{"name":"Selecting the sub-category: Kız Çocuk (6-14 YAŞ)","status":"passed","stage":"finished","steps":[],"attachments":[],"parameters":[{"name":"subCategoryName","value":"Kız Çocuk (6-14 YAŞ)"}],"start":1737200486704,"stop":1737200487466},{"name":"Selecting the product category: Mont ve Kaban","status":"passed","stage":"finished","steps":[],"attachments":[],"parameters":[{"name":"subSubCategoryName","value":"Mont ve Kaban"}],"start":1737200487467,"stop":1737200492300},{"name":"Verifying the page title after selection","status":"failed","statusDetails":{"known":false,"muted":false,"flaky":false,"message":"expected [Kız Çocuk Dış Giyim Fiyatları ve Modelleri | ] but found [Kız Çocuk Dış Giyim Fiyatları ve Modelleri | LCW]","trace":"java.lang.AssertionError: expected [Kız Çocuk Dış Giyim Fiyatları ve Modelleri | ] but found [Kız Çocuk Dış Giyim Fiyatları ve Modelleri | LCW]\r\n\tat org.testng.Assert.fail(Assert.java:99)\r\n\tat org.testng.Assert.failNotEquals(Assert.java:1037)\r\n\tat org.testng.Assert.assertEqualsImpl(Assert.java:140)\r\n\tat org.testng.Assert.assertEquals(Assert.java:122)\r\n\tat org.testng.Assert.assertEquals(Assert.java:629)\r\n\tat org.testng.Assert.assertEquals(Assert.java:639)\r\n\tat pages.CategoryPage.verifyPageTitle(CategoryPage.java:48)\r\n\tat pages.CategoryPage.selectCategoryType(CategoryPage.java:56)\r\n\tat tests.FilterTest.selectFilter(FilterTest.java:24)\r\n\tat java.base/jdk.internal.reflect.DirectMethodHandleAccessor.invoke(DirectMethodHandleAccessor.java:104)\r\n\tat java.base/java.lang.reflect.Method.invoke(Method.java:578)\r\n\tat org.testng.internal.MethodInvocationHelper.invokeMethod(MethodInvocationHelper.java:133)\r\n\tat org.testng.internal.TestInvoker.invokeMethod(TestInvoker.java:598)\r\n\tat org.testng.internal.TestInvoker.invokeTestMethod(TestInvoker.java:173)\r\n\tat org.testng.internal.MethodRunner.runInSequence(MethodRunner.java:46)\r\n\tat org.testng.internal.TestInvoker$MethodInvocationAgent.invoke(TestInvoker.java:824)\r\n\tat org.testng.internal.TestInvoker.invokeTestMethods(TestInvoker.java:146)\r\n\tat org.testng.internal.TestMethodWorker.invokeTestMethods(TestMethodWorker.java:146)\r\n\tat org.testng.internal.TestMethodWorker.run(TestMethodWorker.java:128)\r\n\tat java.base/java.util.ArrayList.forEach(ArrayList.java:1511)\r\n\tat org.testng.TestRunner.privateRun(TestRunner.java:794)\r\n\tat org.testng.TestRunner.run(TestRunner.java:596)\r\n\tat org.testng.SuiteRunner.runTest(SuiteRunner.java:377)\r\n\tat org.testng.SuiteRunner.runSequentially(SuiteRunner.java:371)\r\n\tat org.testng.SuiteRunner.privateRun(SuiteRunner.java:332)\r\n\tat org.testng.SuiteRunner.run(SuiteRunner.java:276)\r\n\tat org.testng.SuiteRunnerWorker.runSuite(SuiteRunnerWorker.java:53)\r\n\tat org.testng.SuiteRunnerWorker.run(SuiteRunnerWorker.java:96)\r\n\tat org.testng.TestNG.runSuitesSequentially(TestNG.java:1212)\r\n\tat org.testng.TestNG.runSuitesLocally(TestNG.java:1134)\r\n\tat org.testng.TestNG.runSuites(TestNG.java:1063)\r\n\tat org.testng.TestNG.run(TestNG.java:1031)\r\n\tat org.apache.maven.surefire.testng.TestNGExecutor.run(TestNGExecutor.java:283)\r\n\tat org.apache.maven.surefire.testng.TestNGXmlTestSuite.execute(TestNGXmlTestSuite.java:75)\r\n\tat org.apache.maven.surefire.testng.TestNGProvider.invoke(TestNGProvider.java:120)\r\n\tat org.apache.maven.surefire.booter.ForkedBooter.invokeProviderInSameClassLoader(ForkedBooter.java:386)\r\n\tat org.apache.maven.surefire.booter.ForkedBooter.runSuitesInProcess(ForkedBooter.java:323)\r\n\tat org.apache.maven.surefire.booter.ForkedBooter.main(ForkedBooter.java:143)\r\n"},"stage":"finished","steps":[],"attachments":[],"parameters":[],"start":1737200492301,"stop":1737200492311}],"attachments":[],"parameters":[{"name":"mainCategoryName","value":"Çocuk&Bebek"},{"name":"subCategoryName","value":"Kız Çocuk (6-14 YAŞ)"},{"name":"subSubCategoryName","value":"Mont ve Kaban"}],"start":1737200486492,"stop":1737200492311}],"attachments":[{"name":"Page screenshot","source":"f0e3d9a1-b8da-419b-9507-5cf7175ce991-attachment","type":"image/png"},{"name":"selectFilter failed and screenshot taken!","source":"7c15d553-aafc-4705-8d27-1f513d274d75-attachment","type":"text/plain"}],"parameters":[],"start":1737200454875,"stop":1737200492503}