{"uuid":"e7b8b96f-6d59-4207-aa14-fd737e7b023a","historyId":"f38219c97c43212896bdcc167c071ef5","fullName":"tests.CartTest.addToCartTest","labels":[{"name":"package","value":"tests.CartTest"},{"name":"testClass","value":"tests.CartTest"},{"name":"testMethod","value":"addToCartTest"},{"name":"parentSuite","value":"All Tests Suite"},{"name":"suite","value":"All Tests"},{"name":"subSuite","value":"tests.CartTest"},{"name":"host","value":"DESKTOP-PN7JSS1"},{"name":"thread","value":"21048@DESKTOP-PN7JSS1.main(1)"},{"name":"framework","value":"testng"},{"name":"language","value":"java"}],"links":[],"name":"addToCartTest","status":"failed","statusDetails":{"known":false,"muted":false,"flaky":false,"message":"expected [Kız Çocuk Dış Giyim Fiyatları ve Modelleri | ] but found [Kız Çocuk Dış Giyim Fiyatları ve Modelleri | LCW]","trace":"java.lang.AssertionError: expected [Kız Çocuk Dış Giyim Fiyatları ve Modelleri | ] but found [Kız Çocuk Dış Giyim Fiyatları ve Modelleri | LCW]\r\n\tat org.testng.Assert.fail(Assert.java:99)\r\n\tat org.testng.Assert.failNotEquals(Assert.java:1037)\r\n\tat org.testng.Assert.assertEqualsImpl(Assert.java:140)\r\n\tat org.testng.Assert.assertEquals(Assert.java:122)\r\n\tat org.testng.Assert.assertEquals(Assert.java:629)\r\n\tat org.testng.Assert.assertEquals(Assert.java:639)\r\n\tat pages.CategoryPage.verifyPageTitle(CategoryPage.java:48)\r\n\tat pages.CategoryPage.selectCategoryType(CategoryPage.java:56)\r\n\tat tests.CartTest.addToCartTest(CartTest.java:29)\r\n\tat java.base/jdk.internal.reflect.DirectMethodHandleAccessor.invoke(DirectMethodHandleAccessor.java:104)\r\n\tat java.base/java.lang.reflect.Method.invoke(Method.java:578)\r\n\tat org.testng.internal.MethodInvocationHelper.invokeMethod(MethodInvocationHelper.java:133)\r\n\tat org.testng.internal.TestInvoker.invokeMethod(TestInvoker.java:598)\r\n\tat org.testng.internal.TestInvoker.invokeTestMethod(TestInvoker.java:173)\r\n\tat org.testng.internal.MethodRunner.runInSequence(MethodRunner.java:46)\r\n\tat org.testng.internal.TestInvoker$MethodInvocationAgent.invoke(TestInvoker.java:824)\r\n\tat org.testng.internal.TestInvoker.invokeTestMethods(TestInvoker.java:146)\r\n\tat org.testng.internal.TestMethodWorker.invokeTestMethods(TestMethodWorker.java:146)\r\n\tat org.testng.internal.TestMethodWorker.run(TestMethodWorker.java:128)\r\n\tat java.base/java.util.ArrayList.forEach(ArrayList.java:1511)\r\n\tat org.testng.TestRunner.privateRun(TestRunner.java:794)\r\n\tat org.testng.TestRunner.run(TestRunner.java:596)\r\n\tat org.testng.SuiteRunner.runTest(SuiteRunner.java:377)\r\n\tat org.testng.SuiteRunner.runSequentially(SuiteRunner.java:371)\r\n\tat org.testng.SuiteRunner.privateRun(SuiteRunner.java:332)\r\n\tat org.testng.SuiteRunner.run(SuiteRunner.java:276)\r\n\tat org.testng.SuiteRunnerWorker.runSuite(SuiteRunnerWorker.java:53)\r\n\tat org.testng.SuiteRunnerWorker.run(SuiteRunnerWorker.java:96)\r\n\tat org.testng.TestNG.runSuitesSequentially(TestNG.java:1212)\r\n\tat org.testng.TestNG.runSuitesLocally(TestNG.java:1134)\r\n\tat org.testng.TestNG.runSuites(TestNG.java:1063)\r\n\tat org.testng.TestNG.run(TestNG.java:1031)\r\n\tat com.intellij.rt.testng.IDEARemoteTestNG.run(IDEARemoteTestNG.java:65)\r\n\tat com.intellij.rt.testng.RemoteTestNGStarter.main(RemoteTestNGStarter.java:105)\r\n"},"stage":"finished","steps":[{"name":"Open LCW Home Page..","status":"passed","stage":"finished","steps":[],"attachments":[],"parameters":[],"start":1737201719518,"stop":1737201749903},{"name":"Performing login with valid:ilaydaozbaay@gmail.com,and valid passwordLCW_Test_Automation1","status":"passed","stage":"finished","steps":[{"name":"Typing email: ilaydaozbaay@gmail.com","status":"passed","stage":"finished","steps":[],"attachments":[],"parameters":[{"name":"email","value":"ilaydaozbaay@gmail.com"}],"start":1737201749903,"stop":1737201750088},{"name":"Clicking the 'Continue' button","status":"passed","stage":"finished","steps":[],"attachments":[],"parameters":[],"start":1737201750088,"stop":1737201750350},{"name":"Typing password","status":"passed","stage":"finished","steps":[],"attachments":[],"parameters":[{"name":"password","value":"LCW_Test_Automation1"}],"start":1737201750350,"stop":1737201750548},{"name":"Clicking the 'Login' button","status":"passed","stage":"finished","steps":[],"attachments":[],"parameters":[],"start":1737201750548,"stop":1737201750632},{"name":"Verifying successful login","status":"passed","stage":"finished","steps":[],"attachments":[],"parameters":[],"start":1737201750632,"stop":1737201762006}],"attachments":[],"parameters":[{"name":"email","value":"ilaydaozbaay@gmail.com"},{"name":"password","value":"LCW_Test_Automation1"}],"start":1737201749903,"stop":1737201762006},{"name":"Selecting category type with main category: Çocuk&Bebek, sub-category: Kız Çocuk (6-14 YAŞ), and product category: Mont ve Kaban","status":"failed","statusDetails":{"known":false,"muted":false,"flaky":false,"message":"expected [Kız Çocuk Dış Giyim Fiyatları ve Modelleri | ] but found [Kız Çocuk Dış Giyim Fiyatları ve Modelleri | LCW]","trace":"java.lang.AssertionError: expected [Kız Çocuk Dış Giyim Fiyatları ve Modelleri | ] but found [Kız Çocuk Dış Giyim Fiyatları ve Modelleri | LCW]\r\n\tat org.testng.Assert.fail(Assert.java:99)\r\n\tat org.testng.Assert.failNotEquals(Assert.java:1037)\r\n\tat org.testng.Assert.assertEqualsImpl(Assert.java:140)\r\n\tat org.testng.Assert.assertEquals(Assert.java:122)\r\n\tat org.testng.Assert.assertEquals(Assert.java:629)\r\n\tat org.testng.Assert.assertEquals(Assert.java:639)\r\n\tat pages.CategoryPage.verifyPageTitle(CategoryPage.java:48)\r\n\tat pages.CategoryPage.selectCategoryType(CategoryPage.java:56)\r\n\tat tests.CartTest.addToCartTest(CartTest.java:29)\r\n\tat java.base/jdk.internal.reflect.DirectMethodHandleAccessor.invoke(DirectMethodHandleAccessor.java:104)\r\n\tat java.base/java.lang.reflect.Method.invoke(Method.java:578)\r\n\tat org.testng.internal.MethodInvocationHelper.invokeMethod(MethodInvocationHelper.java:133)\r\n\tat org.testng.internal.TestInvoker.invokeMethod(TestInvoker.java:598)\r\n\tat org.testng.internal.TestInvoker.invokeTestMethod(TestInvoker.java:173)\r\n\tat org.testng.internal.MethodRunner.runInSequence(MethodRunner.java:46)\r\n\tat org.testng.internal.TestInvoker$MethodInvocationAgent.invoke(TestInvoker.java:824)\r\n\tat org.testng.internal.TestInvoker.invokeTestMethods(TestInvoker.java:146)\r\n\tat org.testng.internal.TestMethodWorker.invokeTestMethods(TestMethodWorker.java:146)\r\n\tat org.testng.internal.TestMethodWorker.run(TestMethodWorker.java:128)\r\n\tat java.base/java.util.ArrayList.forEach(ArrayList.java:1511)\r\n\tat org.testng.TestRunner.privateRun(TestRunner.java:794)\r\n\tat org.testng.TestRunner.run(TestRunner.java:596)\r\n\tat org.testng.SuiteRunner.runTest(SuiteRunner.java:377)\r\n\tat org.testng.SuiteRunner.runSequentially(SuiteRunner.java:371)\r\n\tat org.testng.SuiteRunner.privateRun(SuiteRunner.java:332)\r\n\tat org.testng.SuiteRunner.run(SuiteRunner.java:276)\r\n\tat org.testng.SuiteRunnerWorker.runSuite(SuiteRunnerWorker.java:53)\r\n\tat org.testng.SuiteRunnerWorker.run(SuiteRunnerWorker.java:96)\r\n\tat org.testng.TestNG.runSuitesSequentially(TestNG.java:1212)\r\n\tat org.testng.TestNG.runSuitesLocally(TestNG.java:1134)\r\n\tat org.testng.TestNG.runSuites(TestNG.java:1063)\r\n\tat org.testng.TestNG.run(TestNG.java:1031)\r\n\tat com.intellij.rt.testng.IDEARemoteTestNG.run(IDEARemoteTestNG.java:65)\r\n\tat com.intellij.rt.testng.RemoteTestNGStarter.main(RemoteTestNGStarter.java:105)\r\n"},"stage":"finished","steps":[{"name":"Selecting the main category: Çocuk&Bebek","status":"passed","stage":"finished","steps":[],"attachments":[],"parameters":[{"name":"mainCategoryName","value":"Çocuk&Bebek"}],"start":1737201762007,"stop":1737201762215},{"name":"Selecting the sub-category: Kız Çocuk (6-14 YAŞ)","status":"passed","stage":"finished","steps":[],"attachments":[],"parameters":[{"name":"subCategoryName","value":"Kız Çocuk (6-14 YAŞ)"}],"start":1737201762215,"stop":1737201762969},{"name":"Selecting the product category: Mont ve Kaban","status":"passed","stage":"finished","steps":[],"attachments":[],"parameters":[{"name":"subSubCategoryName","value":"Mont ve Kaban"}],"start":1737201762969,"stop":1737201766761},{"name":"Verifying the page title after selection","status":"failed","statusDetails":{"known":false,"muted":false,"flaky":false,"message":"expected [Kız Çocuk Dış Giyim Fiyatları ve Modelleri | ] but found [Kız Çocuk Dış Giyim Fiyatları ve Modelleri | LCW]","trace":"java.lang.AssertionError: expected [Kız Çocuk Dış Giyim Fiyatları ve Modelleri | ] but found [Kız Çocuk Dış Giyim Fiyatları ve Modelleri | LCW]\r\n\tat org.testng.Assert.fail(Assert.java:99)\r\n\tat org.testng.Assert.failNotEquals(Assert.java:1037)\r\n\tat org.testng.Assert.assertEqualsImpl(Assert.java:140)\r\n\tat org.testng.Assert.assertEquals(Assert.java:122)\r\n\tat org.testng.Assert.assertEquals(Assert.java:629)\r\n\tat org.testng.Assert.assertEquals(Assert.java:639)\r\n\tat pages.CategoryPage.verifyPageTitle(CategoryPage.java:48)\r\n\tat pages.CategoryPage.selectCategoryType(CategoryPage.java:56)\r\n\tat tests.CartTest.addToCartTest(CartTest.java:29)\r\n\tat java.base/jdk.internal.reflect.DirectMethodHandleAccessor.invoke(DirectMethodHandleAccessor.java:104)\r\n\tat java.base/java.lang.reflect.Method.invoke(Method.java:578)\r\n\tat org.testng.internal.MethodInvocationHelper.invokeMethod(MethodInvocationHelper.java:133)\r\n\tat org.testng.internal.TestInvoker.invokeMethod(TestInvoker.java:598)\r\n\tat org.testng.internal.TestInvoker.invokeTestMethod(TestInvoker.java:173)\r\n\tat org.testng.internal.MethodRunner.runInSequence(MethodRunner.java:46)\r\n\tat org.testng.internal.TestInvoker$MethodInvocationAgent.invoke(TestInvoker.java:824)\r\n\tat org.testng.internal.TestInvoker.invokeTestMethods(TestInvoker.java:146)\r\n\tat org.testng.internal.TestMethodWorker.invokeTestMethods(TestMethodWorker.java:146)\r\n\tat org.testng.internal.TestMethodWorker.run(TestMethodWorker.java:128)\r\n\tat java.base/java.util.ArrayList.forEach(ArrayList.java:1511)\r\n\tat org.testng.TestRunner.privateRun(TestRunner.java:794)\r\n\tat org.testng.TestRunner.run(TestRunner.java:596)\r\n\tat org.testng.SuiteRunner.runTest(SuiteRunner.java:377)\r\n\tat org.testng.SuiteRunner.runSequentially(SuiteRunner.java:371)\r\n\tat org.testng.SuiteRunner.privateRun(SuiteRunner.java:332)\r\n\tat org.testng.SuiteRunner.run(SuiteRunner.java:276)\r\n\tat org.testng.SuiteRunnerWorker.runSuite(SuiteRunnerWorker.java:53)\r\n\tat org.testng.SuiteRunnerWorker.run(SuiteRunnerWorker.java:96)\r\n\tat org.testng.TestNG.runSuitesSequentially(TestNG.java:1212)\r\n\tat org.testng.TestNG.runSuitesLocally(TestNG.java:1134)\r\n\tat org.testng.TestNG.runSuites(TestNG.java:1063)\r\n\tat org.testng.TestNG.run(TestNG.java:1031)\r\n\tat com.intellij.rt.testng.IDEARemoteTestNG.run(IDEARemoteTestNG.java:65)\r\n\tat com.intellij.rt.testng.RemoteTestNGStarter.main(RemoteTestNGStarter.java:105)\r\n"},"stage":"finished","steps":[],"attachments":[],"parameters":[],"start":1737201766761,"stop":1737201766770}],"attachments":[],"parameters":[{"name":"mainCategoryName","value":"Çocuk&Bebek"},{"name":"subCategoryName","value":"Kız Çocuk (6-14 YAŞ)"},{"name":"subSubCategoryName","value":"Mont ve Kaban"}],"start":1737201762007,"stop":1737201766770}],"attachments":[{"name":"Page screenshot","source":"461d64a0-eeae-4d37-a795-67d8136c7a75-attachment","type":"image/png"},{"name":"addToCartTest failed and screenshot taken!","source":"b97e9f66-05ae-4f32-a96a-b119e2dee35a-attachment","type":"text/plain"}],"parameters":[],"start":1737201719516,"stop":1737201767060}