{"uuid":"ffa1ee8c-6872-4060-9adf-b8da0616e656","historyId":"828ce95813f3dca9fbd0c137e8798e6c","fullName":"tests.CategoryTest.selectCategory","labels":[{"name":"package","value":"tests.CategoryTest"},{"name":"testClass","value":"tests.CategoryTest"},{"name":"testMethod","value":"selectCategory"},{"name":"parentSuite","value":"All Tests Suite"},{"name":"suite","value":"All Tests"},{"name":"subSuite","value":"tests.CategoryTest"},{"name":"host","value":"DESKTOP-PN7JSS1"},{"name":"thread","value":"21048@DESKTOP-PN7JSS1.main(1)"},{"name":"framework","value":"testng"},{"name":"language","value":"java"}],"links":[],"name":"selectCategory","status":"failed","statusDetails":{"known":false,"muted":false,"flaky":false,"message":"expected [Kız Çocuk Dış Giyim Fiyatları ve Modelleri | ] but found [Kız Çocuk Dış Giyim Fiyatları ve Modelleri | LCW]","trace":"java.lang.AssertionError: expected [Kız Çocuk Dış Giyim Fiyatları ve Modelleri | ] but found [Kız Çocuk Dış Giyim Fiyatları ve Modelleri | LCW]\r\n\tat org.testng.Assert.fail(Assert.java:99)\r\n\tat org.testng.Assert.failNotEquals(Assert.java:1037)\r\n\tat org.testng.Assert.assertEqualsImpl(Assert.java:140)\r\n\tat org.testng.Assert.assertEquals(Assert.java:122)\r\n\tat org.testng.Assert.assertEquals(Assert.java:629)\r\n\tat org.testng.Assert.assertEquals(Assert.java:639)\r\n\tat pages.CategoryPage.verifyPageTitle(CategoryPage.java:48)\r\n\tat pages.CategoryPage.selectCategoryType(CategoryPage.java:56)\r\n\tat tests.CategoryTest.selectCategory(CategoryTest.java:27)\r\n\tat java.base/jdk.internal.reflect.DirectMethodHandleAccessor.invoke(DirectMethodHandleAccessor.java:104)\r\n\tat java.base/java.lang.reflect.Method.invoke(Method.java:578)\r\n\tat org.testng.internal.MethodInvocationHelper.invokeMethod(MethodInvocationHelper.java:133)\r\n\tat org.testng.internal.TestInvoker.invokeMethod(TestInvoker.java:598)\r\n\tat org.testng.internal.TestInvoker.invokeTestMethod(TestInvoker.java:173)\r\n\tat org.testng.internal.MethodRunner.runInSequence(MethodRunner.java:46)\r\n\tat org.testng.internal.TestInvoker$MethodInvocationAgent.invoke(TestInvoker.java:824)\r\n\tat org.testng.internal.TestInvoker.invokeTestMethods(TestInvoker.java:146)\r\n\tat org.testng.internal.TestMethodWorker.invokeTestMethods(TestMethodWorker.java:146)\r\n\tat org.testng.internal.TestMethodWorker.run(TestMethodWorker.java:128)\r\n\tat java.base/java.util.ArrayList.forEach(ArrayList.java:1511)\r\n\tat org.testng.TestRunner.privateRun(TestRunner.java:794)\r\n\tat org.testng.TestRunner.run(TestRunner.java:596)\r\n\tat org.testng.SuiteRunner.runTest(SuiteRunner.java:377)\r\n\tat org.testng.SuiteRunner.runSequentially(SuiteRunner.java:371)\r\n\tat org.testng.SuiteRunner.privateRun(SuiteRunner.java:332)\r\n\tat org.testng.SuiteRunner.run(SuiteRunner.java:276)\r\n\tat org.testng.SuiteRunnerWorker.runSuite(SuiteRunnerWorker.java:53)\r\n\tat org.testng.SuiteRunnerWorker.run(SuiteRunnerWorker.java:96)\r\n\tat org.testng.TestNG.runSuitesSequentially(TestNG.java:1212)\r\n\tat org.testng.TestNG.runSuitesLocally(TestNG.java:1134)\r\n\tat org.testng.TestNG.runSuites(TestNG.java:1063)\r\n\tat org.testng.TestNG.run(TestNG.java:1031)\r\n\tat com.intellij.rt.testng.IDEARemoteTestNG.run(IDEARemoteTestNG.java:65)\r\n\tat com.intellij.rt.testng.RemoteTestNGStarter.main(RemoteTestNGStarter.java:105)\r\n"},"stage":"finished","steps":[{"name":"Open LCW Home Page..","status":"passed","stage":"finished","steps":[],"attachments":[],"parameters":[],"start":1737201539808,"stop":1737201562172},{"name":"Performing login with valid:ilaydaozbaay@gmail.com,and valid passwordLCW_Test_Automation1","status":"passed","stage":"finished","steps":[{"name":"Typing email: ilaydaozbaay@gmail.com","status":"passed","stage":"finished","steps":[],"attachments":[],"parameters":[{"name":"email","value":"ilaydaozbaay@gmail.com"}],"start":1737201562173,"stop":1737201562366},{"name":"Clicking the 'Continue' button","status":"passed","stage":"finished","steps":[],"attachments":[],"parameters":[],"start":1737201562367,"stop":1737201562574},{"name":"Typing password","status":"passed","stage":"finished","steps":[],"attachments":[],"parameters":[{"name":"password","value":"LCW_Test_Automation1"}],"start":1737201562574,"stop":1737201562691},{"name":"Clicking the 'Login' button","status":"passed","stage":"finished","steps":[],"attachments":[],"parameters":[],"start":1737201562691,"stop":1737201562833},{"name":"Verifying successful login","status":"passed","stage":"finished","steps":[],"attachments":[],"parameters":[],"start":1737201562833,"stop":1737201573680}],"attachments":[],"parameters":[{"name":"email","value":"ilaydaozbaay@gmail.com"},{"name":"password","value":"LCW_Test_Automation1"}],"start":1737201562173,"stop":1737201573680},{"name":"Selecting category type with main category: Çocuk&Bebek, sub-category: Kız Çocuk (6-14 YAŞ), and product category: Mont ve Kaban","status":"failed","statusDetails":{"known":false,"muted":false,"flaky":false,"message":"expected [Kız Çocuk Dış Giyim Fiyatları ve Modelleri | ] but found [Kız Çocuk Dış Giyim Fiyatları ve Modelleri | LCW]","trace":"java.lang.AssertionError: expected [Kız Çocuk Dış Giyim Fiyatları ve Modelleri | ] but found [Kız Çocuk Dış Giyim Fiyatları ve Modelleri | LCW]\r\n\tat org.testng.Assert.fail(Assert.java:99)\r\n\tat org.testng.Assert.failNotEquals(Assert.java:1037)\r\n\tat org.testng.Assert.assertEqualsImpl(Assert.java:140)\r\n\tat org.testng.Assert.assertEquals(Assert.java:122)\r\n\tat org.testng.Assert.assertEquals(Assert.java:629)\r\n\tat org.testng.Assert.assertEquals(Assert.java:639)\r\n\tat pages.CategoryPage.verifyPageTitle(CategoryPage.java:48)\r\n\tat pages.CategoryPage.selectCategoryType(CategoryPage.java:56)\r\n\tat tests.CategoryTest.selectCategory(CategoryTest.java:27)\r\n\tat java.base/jdk.internal.reflect.DirectMethodHandleAccessor.invoke(DirectMethodHandleAccessor.java:104)\r\n\tat java.base/java.lang.reflect.Method.invoke(Method.java:578)\r\n\tat org.testng.internal.MethodInvocationHelper.invokeMethod(MethodInvocationHelper.java:133)\r\n\tat org.testng.internal.TestInvoker.invokeMethod(TestInvoker.java:598)\r\n\tat org.testng.internal.TestInvoker.invokeTestMethod(TestInvoker.java:173)\r\n\tat org.testng.internal.MethodRunner.runInSequence(MethodRunner.java:46)\r\n\tat org.testng.internal.TestInvoker$MethodInvocationAgent.invoke(TestInvoker.java:824)\r\n\tat org.testng.internal.TestInvoker.invokeTestMethods(TestInvoker.java:146)\r\n\tat org.testng.internal.TestMethodWorker.invokeTestMethods(TestMethodWorker.java:146)\r\n\tat org.testng.internal.TestMethodWorker.run(TestMethodWorker.java:128)\r\n\tat java.base/java.util.ArrayList.forEach(ArrayList.java:1511)\r\n\tat org.testng.TestRunner.privateRun(TestRunner.java:794)\r\n\tat org.testng.TestRunner.run(TestRunner.java:596)\r\n\tat org.testng.SuiteRunner.runTest(SuiteRunner.java:377)\r\n\tat org.testng.SuiteRunner.runSequentially(SuiteRunner.java:371)\r\n\tat org.testng.SuiteRunner.privateRun(SuiteRunner.java:332)\r\n\tat org.testng.SuiteRunner.run(SuiteRunner.java:276)\r\n\tat org.testng.SuiteRunnerWorker.runSuite(SuiteRunnerWorker.java:53)\r\n\tat org.testng.SuiteRunnerWorker.run(SuiteRunnerWorker.java:96)\r\n\tat org.testng.TestNG.runSuitesSequentially(TestNG.java:1212)\r\n\tat org.testng.TestNG.runSuitesLocally(TestNG.java:1134)\r\n\tat org.testng.TestNG.runSuites(TestNG.java:1063)\r\n\tat org.testng.TestNG.run(TestNG.java:1031)\r\n\tat com.intellij.rt.testng.IDEARemoteTestNG.run(IDEARemoteTestNG.java:65)\r\n\tat com.intellij.rt.testng.RemoteTestNGStarter.main(RemoteTestNGStarter.java:105)\r\n"},"stage":"finished","steps":[{"name":"Selecting the main category: Çocuk&Bebek","status":"passed","stage":"finished","steps":[],"attachments":[],"parameters":[{"name":"mainCategoryName","value":"Çocuk&Bebek"}],"start":1737201573682,"stop":1737201573864},{"name":"Selecting the sub-category: Kız Çocuk (6-14 YAŞ)","status":"passed","stage":"finished","steps":[],"attachments":[],"parameters":[{"name":"subCategoryName","value":"Kız Çocuk (6-14 YAŞ)"}],"start":1737201573865,"stop":1737201574198},{"name":"Selecting the product category: Mont ve Kaban","status":"passed","stage":"finished","steps":[],"attachments":[],"parameters":[{"name":"subSubCategoryName","value":"Mont ve Kaban"}],"start":1737201574198,"stop":1737201579023},{"name":"Verifying the page title after selection","status":"failed","statusDetails":{"known":false,"muted":false,"flaky":false,"message":"expected [Kız Çocuk Dış Giyim Fiyatları ve Modelleri | ] but found [Kız Çocuk Dış Giyim Fiyatları ve Modelleri | LCW]","trace":"java.lang.AssertionError: expected [Kız Çocuk Dış Giyim Fiyatları ve Modelleri | ] but found [Kız Çocuk Dış Giyim Fiyatları ve Modelleri | LCW]\r\n\tat org.testng.Assert.fail(Assert.java:99)\r\n\tat org.testng.Assert.failNotEquals(Assert.java:1037)\r\n\tat org.testng.Assert.assertEqualsImpl(Assert.java:140)\r\n\tat org.testng.Assert.assertEquals(Assert.java:122)\r\n\tat org.testng.Assert.assertEquals(Assert.java:629)\r\n\tat org.testng.Assert.assertEquals(Assert.java:639)\r\n\tat pages.CategoryPage.verifyPageTitle(CategoryPage.java:48)\r\n\tat pages.CategoryPage.selectCategoryType(CategoryPage.java:56)\r\n\tat tests.CategoryTest.selectCategory(CategoryTest.java:27)\r\n\tat java.base/jdk.internal.reflect.DirectMethodHandleAccessor.invoke(DirectMethodHandleAccessor.java:104)\r\n\tat java.base/java.lang.reflect.Method.invoke(Method.java:578)\r\n\tat org.testng.internal.MethodInvocationHelper.invokeMethod(MethodInvocationHelper.java:133)\r\n\tat org.testng.internal.TestInvoker.invokeMethod(TestInvoker.java:598)\r\n\tat org.testng.internal.TestInvoker.invokeTestMethod(TestInvoker.java:173)\r\n\tat org.testng.internal.MethodRunner.runInSequence(MethodRunner.java:46)\r\n\tat org.testng.internal.TestInvoker$MethodInvocationAgent.invoke(TestInvoker.java:824)\r\n\tat org.testng.internal.TestInvoker.invokeTestMethods(TestInvoker.java:146)\r\n\tat org.testng.internal.TestMethodWorker.invokeTestMethods(TestMethodWorker.java:146)\r\n\tat org.testng.internal.TestMethodWorker.run(TestMethodWorker.java:128)\r\n\tat java.base/java.util.ArrayList.forEach(ArrayList.java:1511)\r\n\tat org.testng.TestRunner.privateRun(TestRunner.java:794)\r\n\tat org.testng.TestRunner.run(TestRunner.java:596)\r\n\tat org.testng.SuiteRunner.runTest(SuiteRunner.java:377)\r\n\tat org.testng.SuiteRunner.runSequentially(SuiteRunner.java:371)\r\n\tat org.testng.SuiteRunner.privateRun(SuiteRunner.java:332)\r\n\tat org.testng.SuiteRunner.run(SuiteRunner.java:276)\r\n\tat org.testng.SuiteRunnerWorker.runSuite(SuiteRunnerWorker.java:53)\r\n\tat org.testng.SuiteRunnerWorker.run(SuiteRunnerWorker.java:96)\r\n\tat org.testng.TestNG.runSuitesSequentially(TestNG.java:1212)\r\n\tat org.testng.TestNG.runSuitesLocally(TestNG.java:1134)\r\n\tat org.testng.TestNG.runSuites(TestNG.java:1063)\r\n\tat org.testng.TestNG.run(TestNG.java:1031)\r\n\tat com.intellij.rt.testng.IDEARemoteTestNG.run(IDEARemoteTestNG.java:65)\r\n\tat com.intellij.rt.testng.RemoteTestNGStarter.main(RemoteTestNGStarter.java:105)\r\n"},"stage":"finished","steps":[],"attachments":[],"parameters":[],"start":1737201579024,"stop":1737201579071}],"attachments":[],"parameters":[{"name":"mainCategoryName","value":"Çocuk&Bebek"},{"name":"subCategoryName","value":"Kız Çocuk (6-14 YAŞ)"},{"name":"subSubCategoryName","value":"Mont ve Kaban"}],"start":1737201573681,"stop":1737201579072}],"attachments":[{"name":"Page screenshot","source":"66b9c568-a9ee-444e-8eea-8ed383b4523d-attachment","type":"image/png"},{"name":"selectCategory failed and screenshot taken!","source":"14605b8e-8634-4ce8-8b20-a4db43df963c-attachment","type":"text/plain"}],"parameters":[],"start":1737201539807,"stop":1737201579315}